#
# A fatal error has been detected by the Java Runtime Environment:
#
#  Internal Error (sharedRuntime.cpp:531), pid=12326, tid=10243
#  Error: ShouldNotReachHere()
#
# JRE version: OpenJDK Runtime Environment (16.0+14) (build 16+14)
# Java VM: OpenJDK 64-Bit Server VM (16+14, mixed mode, tiered, compressed oops, g1 gc, bsd-aarch64)
# No core dump will be written. Core dumps have been disabled. To enable core dumping, try "ulimit -c unlimited" before starting Java again
#
# If you would like to submit a bug report, please visit:
#   https://bugreport.java.com/bugreport/crash.jsp
#

---------------  S U M M A R Y ------------

Command Line: -Dspring.lsp.client-port=45558 -Dserver.port=45558 -Dsts.lsp.client=vscode -Dsts.log.file=/dev/null -XX:TieredStopAtLevel=1 -Dspring.config.location=file:/Users/mata/.vscode/extensions/pivotal.vscode-spring-boot-1.26.0/language-server/BOOT-INF/classes/application.properties org.springframework.ide.vscode.boot.app.BootLanguageServerBootApp

Host: MacBookPro17,1 arm64 1 MHz, 8 cores, 8G, Darwin 20.5.0, macOS 11.4 (20F71)
Time: Sun Jul 18 15:13:08 2021 -04 elapsed time: 0.134909 seconds (0d 0h 0m 0s)

---------------  T H R E A D  ---------------

Current thread (0x0000000139017800):  JavaThread "main" [_thread_in_Java, id=10243, stack(0x000000016b6a0000,0x000000016b8a3000)]

Stack: [0x000000016b6a0000,0x000000016b8a3000],  sp=0x000000016b89fe20,  free space=2047k
Native frames: (J=compiled Java code, A=aot compiled Java code, j=interpreted, Vv=VM code, C=native code)
V  [libjvm.dylib+0x9b4130]  VMError::report_and_die(int, char const*, char const*, char*, Thread*, unsigned char*, void*, void*, char const*, int, unsigned long)+0x46c
V  [libjvm.dylib+0x9b4884]  VMError::report_and_die(Thread*, void*, char const*, int, char const*, char const*, char*)+0x40
V  [libjvm.dylib+0x2ad690]  report_vm_error(char const*, int, char const*, char const*, ...)+0x5c
V  [libjvm.dylib+0x2ad864]  report_should_not_reach_here(char const*, int)+0x2c
V  [libjvm.dylib+0x818d4c]  SharedRuntime::raw_exception_handler_for_return_address(JavaThread*, unsigned char*)+0x178
V  [libjvm.dylib+0x818df0]  SharedRuntime::exception_handler_for_return_address(JavaThread*, unsigned char*)+0x28
v  ~StubRoutines::forward exception
j  java.lang.Class.forName(Ljava/lang/String;ZLjava/lang/ClassLoader;)Ljava/lang/Class;+43 java.base@16
j  sun.security.provider.PolicyFile.getInstance(Ljava/lang/String;Ljava/lang/String;Ljava/lang/String;)Ljava/security/Permission;+3 java.base@16
j  sun.security.provider.PolicyFile.addGrantEntry(Lsun/security/provider/PolicyParser$GrantEntry;Ljava/security/KeyStore;Lsun/security/provider/PolicyFile$PolicyInfo;)V+388 java.base@16
j  sun.security.provider.PolicyFile.initDefaultPolicy(Lsun/security/provider/PolicyFile$PolicyInfo;)V+115 java.base@16
j  sun.security.provider.PolicyFile$2.run()Ljava/lang/Void;+8 java.base@16
j  sun.security.provider.PolicyFile$2.run()Ljava/lang/Object;+1 java.base@16
j  java.security.AccessController.executePrivileged(Ljava/security/PrivilegedAction;Ljava/security/AccessControlContext;Ljava/lang/Class;)Ljava/lang/Object;+29 java.base@16
j  java.security.AccessController.doPrivileged(Ljava/security/PrivilegedAction;)Ljava/lang/Object;+5 java.base@16
j  sun.security.provider.PolicyFile.initPolicyFile(Lsun/security/provider/PolicyFile$PolicyInfo;Ljava/net/URL;)V+9 java.base@16
j  sun.security.provider.PolicyFile.init(Ljava/net/URL;)V+50 java.base@16
j  sun.security.provider.PolicyFile.<init>()V+24 java.base@16
j  java.security.Policy.loadPolicyProvider()Ljava/security/Policy;+38 java.base@16
j  java.security.Policy.getPolicyNoCheck()Ljava/security/Policy;+34 java.base@16
j  java.security.ProtectionDomain.implies(Ljava/security/Permission;)Z+16 java.base@16
j  java.security.ProtectionDomain.impliesWithAltFilePerm(Ljava/security/Permission;)Z+23 java.base@16
j  java.security.AccessControlContext.checkPermission(Ljava/security/Permission;)V+323 java.base@16
j  java.security.AccessController.checkPermission(Ljava/security/Permission;)V+161 java.base@16
j  ch.qos.logback.core.util.Loader$1.run()Ljava/lang/Boolean;+9
j  ch.qos.logback.core.util.Loader$1.run()Ljava/lang/Object;+1
j  java.security.AccessController.executePrivileged(Ljava/security/PrivilegedAction;Ljava/security/AccessControlContext;Ljava/lang/Class;)Ljava/lang/Object;+29 java.base@16
j  java.security.AccessController.doPrivileged(Ljava/security/PrivilegedAction;)Ljava/lang/Object;+5 java.base@16
j  ch.qos.logback.core.util.Loader.<clinit>()V+34
v  ~StubRoutines::call_stub
V  [libjvm.dylib+0x44ae78]  JavaCalls::call_helper(JavaValue*, methodHandle const&, JavaCallArguments*, Thread*)+0x30c
V  [libjvm.dylib+0x42c624]  InstanceKlass::call_class_initializer(Thread*)+0x1e8
V  [libjvm.dylib+0x42bd50]  InstanceKlass::initialize_impl(Thread*)+0x57c
V  [libjvm.dylib+0x65f490]  LinkResolver::resolve_static_call(CallInfo&, LinkInfo const&, bool, Thread*)+0x78
V  [libjvm.dylib+0x661468]  LinkResolver::resolve_invoke(CallInfo&, Handle, constantPoolHandle const&, int, Bytecodes::Code, Thread*)+0xac
V  [libjvm.dylib+0x444304]  InterpreterRuntime::resolve_invoke(JavaThread*, Bytecodes::Code)+0x284
V  [libjvm.dylib+0x444960]  InterpreterRuntime::resolve_from_cache(JavaThread*, Bytecodes::Code)+0x7c
j  ch.qos.logback.classic.util.ContextInitializer.findURLOfDefaultConfigurationFile(Z)Ljava/net/URL;+1
j  ch.qos.logback.classic.util.ContextInitializer.autoConfig()V+9
j  org.slf4j.impl.StaticLoggerBinder.init()V+11
j  org.slf4j.impl.StaticLoggerBinder.<clinit>()V+28
v  ~StubRoutines::call_stub
V  [libjvm.dylib+0x44ae78]  JavaCalls::call_helper(JavaValue*, methodHandle const&, JavaCallArguments*, Thread*)+0x30c
V  [libjvm.dylib+0x42c624]  InstanceKlass::call_class_initializer(Thread*)+0x1e8
V  [libjvm.dylib+0x42bd50]  InstanceKlass::initialize_impl(Thread*)+0x57c
V  [libjvm.dylib+0x65f490]  LinkResolver::resolve_static_call(CallInfo&, LinkInfo const&, bool, Thread*)+0x78
V  [libjvm.dylib+0x661468]  LinkResolver::resolve_invoke(CallInfo&, Handle, constantPoolHandle const&, int, Bytecodes::Code, Thread*)+0xac
V  [libjvm.dylib+0x444304]  InterpreterRuntime::resolve_invoke(JavaThread*, Bytecodes::Code)+0x284
V  [libjvm.dylib+0x444960]  InterpreterRuntime::resolve_from_cache(JavaThread*, Bytecodes::Code)+0x7c
j  org.slf4j.LoggerFactory.bind()V+16
j  org.slf4j.LoggerFactory.performInitialization()V+0
j  org.slf4j.LoggerFactory.getILoggerFactory()Lorg/slf4j/ILoggerFactory;+22
j  org.slf4j.LoggerFactory.getLogger(Ljava/lang/String;)Lorg/slf4j/Logger;+0
j  reactor.util.Loggers$Slf4JLoggerFactory.getLogger(Ljava/lang/String;)Lreactor/util/Logger;+5
j  reactor.util.Loggers.useSl4jLoggers()V+17
j  reactor.util.Loggers.resetLoggerFactory()V+0
j  reactor.util.Loggers.<clinit>()V+0
v  ~StubRoutines::call_stub
V  [libjvm.dylib+0x44ae78]  JavaCalls::call_helper(JavaValue*, methodHandle const&, JavaCallArguments*, Thread*)+0x30c
V  [libjvm.dylib+0x42c624]  InstanceKlass::call_class_initializer(Thread*)+0x1e8
V  [libjvm.dylib+0x42bd50]  InstanceKlass::initialize_impl(Thread*)+0x57c
V  [libjvm.dylib+0x65f490]  LinkResolver::resolve_static_call(CallInfo&, LinkInfo const&, bool, Thread*)+0x78
V  [libjvm.dylib+0x661468]  LinkResolver::resolve_invoke(CallInfo&, Handle, constantPoolHandle const&, int, Bytecodes::Code, Thread*)+0xac
V  [libjvm.dylib+0x444304]  InterpreterRuntime::resolve_invoke(JavaThread*, Bytecodes::Code)+0x284
V  [libjvm.dylib+0x444960]  InterpreterRuntime::resolve_from_cache(JavaThread*, Bytecodes::Code)+0x7c
j  reactor.core.publisher.Hooks.<clinit>()V+2
v  ~StubRoutines::call_stub
V  [libjvm.dylib+0x44ae78]  JavaCalls::call_helper(JavaValue*, methodHandle const&, JavaCallArguments*, Thread*)+0x30c
V  [libjvm.dylib+0x42c624]  InstanceKlass::call_class_initializer(Thread*)+0x1e8
V  [libjvm.dylib+0x42bd50]  InstanceKlass::initialize_impl(Thread*)+0x57c
V  [libjvm.dylib+0x65f490]  LinkResolver::resolve_static_call(CallInfo&, LinkInfo const&, bool, Thread*)+0x78
V  [libjvm.dylib+0x661468]  LinkResolver::resolve_invoke(CallInfo&, Handle, constantPoolHandle const&, int, Bytecodes::Code, Thread*)+0xac
V  [libjvm.dylib+0x444304]  InterpreterRuntime::resolve_invoke(JavaThread*, Bytecodes::Code)+0x284
V  [libjvm.dylib+0x444960]  InterpreterRuntime::resolve_from_cache(JavaThread*, Bytecodes::Code)+0x7c
j  org.springframework.ide.vscode.boot.app.BootLanguageServerBootApp.main([Ljava/lang/String;)V+0
v  ~StubRoutines::call_stub
V  [libjvm.dylib+0x44ae78]  JavaCalls::call_helper(JavaValue*, methodHandle const&, JavaCallArguments*, Thread*)+0x30c
V  [libjvm.dylib+0x4ab9d0]  jni_invoke_static(JNIEnv_*, JavaValue*, _jobject*, JNICallType, _jmethodID*, JNI_ArgumentPusher*, Thread*)+0x120
V  [libjvm.dylib+0x4aede4]  jni_CallStaticVoidMethod+0x120
C  [libjli.dylib+0x5438]  JavaMain+0x9d4
C  [libjli.dylib+0x7794]  ThreadJavaMain+0xc
C  [libsystem_pthread.dylib+0x7878]  _pthread_start+0x140


---------------  P R O C E S S  ---------------

Threads class SMR info:
_java_thread_list=0x0000000138066cf0, length=9, elements={
0x0000000139017800, 0x0000000137808800, 0x0000000138809000, 0x0000000137038a00,
0x0000000137039000, 0x0000000139058a00, 0x0000000134008200, 0x0000000137046a00,
0x000000013886f000
}

Java Threads: ( => current thread )
=>0x0000000139017800 JavaThread "main" [_thread_in_Java, id=10243, stack(0x000000016b6a0000,0x000000016b8a3000)]
  0x0000000137808800 JavaThread "Reference Handler" daemon [_thread_blocked, id=17923, stack(0x000000016c4f4000,0x000000016c6f7000)]
  0x0000000138809000 JavaThread "Finalizer" daemon [_thread_blocked, id=15619, stack(0x000000016c700000,0x000000016c903000)]
  0x0000000137038a00 JavaThread "Signal Dispatcher" daemon [_thread_blocked, id=22531, stack(0x000000016ca24000,0x000000016cc27000)]
  0x0000000137039000 JavaThread "Service Thread" daemon [_thread_blocked, id=43011, stack(0x000000016cc30000,0x000000016ce33000)]
  0x0000000139058a00 JavaThread "C1 CompilerThread0" daemon [_thread_blocked, id=23043, stack(0x000000016ce3c000,0x000000016d03f000)]
  0x0000000134008200 JavaThread "Sweeper thread" daemon [_thread_blocked, id=42243, stack(0x000000016d048000,0x000000016d24b000)]
  0x0000000137046a00 JavaThread "Notification Thread" daemon [_thread_blocked, id=41987, stack(0x000000016d254000,0x000000016d457000)]
  0x000000013886f000 JavaThread "Common-Cleaner" daemon [_thread_blocked, id=41219, stack(0x000000016d66c000,0x000000016d86f000)]

Other Threads:
  0x0000000136e437f0 VMThread "VM Thread" [stack: 0x000000016c2e8000,0x000000016c4eb000] [id=14851]
  0x0000000138060a40 WatcherThread [stack: 0x000000016d460000,0x000000016d663000] [id=41731]
  0x00000001381148e0 GCTaskThread "GC Thread#0" [stack: 0x000000016b8ac000,0x000000016baaf000] [id=12291]
  0x0000000138115a60 ConcurrentGCThread "G1 Main Marker" [stack: 0x000000016bab8000,0x000000016bcbb000] [id=19971]
  0x0000000138006630 ConcurrentGCThread "G1 Conc#0" [stack: 0x000000016bcc4000,0x000000016bec7000] [id=13059]
  0x0000000138022720 ConcurrentGCThread "G1 Refine#0" [stack: 0x000000016bed0000,0x000000016c0d3000] [id=19203]
  0x00000001380237a0 ConcurrentGCThread "G1 Service" [stack: 0x000000016c0dc000,0x000000016c2df000] [id=18947]

Threads with active compile tasks:

VM state: not at safepoint (normal execution)

VM Mutex/Monitor currently owned by a thread: None

Heap address: 0x0000000740000000, size: 2048 MB, Compressed Oops mode: Zero based, Oop shift amount: 3
Compressed class space mapped at: 0x0000000300000000-0x0000000340000000, reserved size: 1073741824
Narrow klass base: 0x0000000000000000, Narrow klass shift: 3, Narrow klass range: 0x340000000

GC Precious Log:
 CPUs: 8 total, 8 available
 Memory: 8192M
 Large Page Support: Disabled
 NUMA Support: Disabled
 Compressed Oops: Enabled (Zero based)
 Heap Region Size: 1M
 Heap Min Capacity: 8M
 Heap Initial Capacity: 128M
 Heap Max Capacity: 2G
 Pre-touch: Disabled
 Parallel Workers: 8
 Concurrent Workers: 2
 Concurrent Refinement Workers: 8
 Periodic GC: Disabled

Heap:
 garbage-first heap   total 131072K, used 6144K [0x0000000740000000, 0x00000007c0000000)
  region size 1024K, 8 young (8192K), 0 survivors (0K)
 Metaspace       used 5575K, committed 5696K, reserved 1056768K
  class space    used 512K, committed 576K, reserved 1048576K

Heap Regions: E=young(eden), S=young(survivor), O=old, HS=humongous(starts), HC=humongous(continues), CS=collection set, F=free, OA=open archive, CA=closed archive, TAMS=top-at-mark-start (previous, next)
|   0|0x0000000740000000, 0x0000000740000000, 0x0000000740100000|  0%| F|  |TAMS 0x0000000740000000, 0x0000000740000000| Untracked 
|   1|0x0000000740100000, 0x0000000740100000, 0x0000000740200000|  0%| F|  |TAMS 0x0000000740100000, 0x0000000740100000| Untracked 
|   2|0x0000000740200000, 0x0000000740200000, 0x0000000740300000|  0%| F|  |TAMS 0x0000000740200000, 0x0000000740200000| Untracked 
|   3|0x0000000740300000, 0x0000000740300000, 0x0000000740400000|  0%| F|  |TAMS 0x0000000740300000, 0x0000000740300000| Untracked 
|   4|0x0000000740400000, 0x0000000740400000, 0x0000000740500000|  0%| F|  |TAMS 0x0000000740400000, 0x0000000740400000| Untracked 
|   5|0x0000000740500000, 0x0000000740500000, 0x0000000740600000|  0%| F|  |TAMS 0x0000000740500000, 0x0000000740500000| Untracked 
|   6|0x0000000740600000, 0x0000000740600000, 0x0000000740700000|  0%| F|  |TAMS 0x0000000740600000, 0x0000000740600000| Untracked 
|   7|0x0000000740700000, 0x0000000740700000, 0x0000000740800000|  0%| F|  |TAMS 0x0000000740700000, 0x0000000740700000| Untracked 
|   8|0x0000000740800000, 0x0000000740800000, 0x0000000740900000|  0%| F|  |TAMS 0x0000000740800000, 0x0000000740800000| Untracked 
|   9|0x0000000740900000, 0x0000000740900000, 0x0000000740a00000|  0%| F|  |TAMS 0x0000000740900000, 0x0000000740900000| Untracked 
|  10|0x0000000740a00000, 0x0000000740a00000, 0x0000000740b00000|  0%| F|  |TAMS 0x0000000740a00000, 0x0000000740a00000| Untracked 
|  11|0x0000000740b00000, 0x0000000740b00000, 0x0000000740c00000|  0%| F|  |TAMS 0x0000000740b00000, 0x0000000740b00000| Untracked 
|  12|0x0000000740c00000, 0x0000000740c00000, 0x0000000740d00000|  0%| F|  |TAMS 0x0000000740c00000, 0x0000000740c00000| Untracked 
|  13|0x0000000740d00000, 0x0000000740d00000, 0x0000000740e00000|  0%| F|  |TAMS 0x0000000740d00000, 0x0000000740d00000| Untracked 
|  14|0x0000000740e00000, 0x0000000740e00000, 0x0000000740f00000|  0%| F|  |TAMS 0x0000000740e00000, 0x0000000740e00000| Untracked 
|  15|0x0000000740f00000, 0x0000000740f00000, 0x0000000741000000|  0%| F|  |TAMS 0x0000000740f00000, 0x0000000740f00000| Untracked 
|  16|0x0000000741000000, 0x0000000741000000, 0x0000000741100000|  0%| F|  |TAMS 0x0000000741000000, 0x0000000741000000| Untracked 
|  17|0x0000000741100000, 0x0000000741100000, 0x0000000741200000|  0%| F|  |TAMS 0x0000000741100000, 0x0000000741100000| Untracked 
|  18|0x0000000741200000, 0x0000000741200000, 0x0000000741300000|  0%| F|  |TAMS 0x0000000741200000, 0x0000000741200000| Untracked 
|  19|0x0000000741300000, 0x0000000741300000, 0x0000000741400000|  0%| F|  |TAMS 0x0000000741300000, 0x0000000741300000| Untracked 
|  20|0x0000000741400000, 0x0000000741400000, 0x0000000741500000|  0%| F|  |TAMS 0x0000000741400000, 0x0000000741400000| Untracked 
|  21|0x0000000741500000, 0x0000000741500000, 0x0000000741600000|  0%| F|  |TAMS 0x0000000741500000, 0x0000000741500000| Untracked 
|  22|0x0000000741600000, 0x0000000741600000, 0x0000000741700000|  0%| F|  |TAMS 0x0000000741600000, 0x0000000741600000| Untracked 
|  23|0x0000000741700000, 0x0000000741700000, 0x0000000741800000|  0%| F|  |TAMS 0x0000000741700000, 0x0000000741700000| Untracked 
|  24|0x0000000741800000, 0x0000000741800000, 0x0000000741900000|  0%| F|  |TAMS 0x0000000741800000, 0x0000000741800000| Untracked 
|  25|0x0000000741900000, 0x0000000741900000, 0x0000000741a00000|  0%| F|  |TAMS 0x0000000741900000, 0x0000000741900000| Untracked 
|  26|0x0000000741a00000, 0x0000000741a00000, 0x0000000741b00000|  0%| F|  |TAMS 0x0000000741a00000, 0x0000000741a00000| Untracked 
|  27|0x0000000741b00000, 0x0000000741b00000, 0x0000000741c00000|  0%| F|  |TAMS 0x0000000741b00000, 0x0000000741b00000| Untracked 
|  28|0x0000000741c00000, 0x0000000741c00000, 0x0000000741d00000|  0%| F|  |TAMS 0x0000000741c00000, 0x0000000741c00000| Untracked 
|  29|0x0000000741d00000, 0x0000000741d00000, 0x0000000741e00000|  0%| F|  |TAMS 0x0000000741d00000, 0x0000000741d00000| Untracked 
|  30|0x0000000741e00000, 0x0000000741e00000, 0x0000000741f00000|  0%| F|  |TAMS 0x0000000741e00000, 0x0000000741e00000| Untracked 
|  31|0x0000000741f00000, 0x0000000741f00000, 0x0000000742000000|  0%| F|  |TAMS 0x0000000741f00000, 0x0000000741f00000| Untracked 
|  32|0x0000000742000000, 0x0000000742000000, 0x0000000742100000|  0%| F|  |TAMS 0x0000000742000000, 0x0000000742000000| Untracked 
|  33|0x0000000742100000, 0x0000000742100000, 0x0000000742200000|  0%| F|  |TAMS 0x0000000742100000, 0x0000000742100000| Untracked 
|  34|0x0000000742200000, 0x0000000742200000, 0x0000000742300000|  0%| F|  |TAMS 0x0000000742200000, 0x0000000742200000| Untracked 
|  35|0x0000000742300000, 0x0000000742300000, 0x0000000742400000|  0%| F|  |TAMS 0x0000000742300000, 0x0000000742300000| Untracked 
|  36|0x0000000742400000, 0x0000000742400000, 0x0000000742500000|  0%| F|  |TAMS 0x0000000742400000, 0x0000000742400000| Untracked 
|  37|0x0000000742500000, 0x0000000742500000, 0x0000000742600000|  0%| F|  |TAMS 0x0000000742500000, 0x0000000742500000| Untracked 
|  38|0x0000000742600000, 0x0000000742600000, 0x0000000742700000|  0%| F|  |TAMS 0x0000000742600000, 0x0000000742600000| Untracked 
|  39|0x0000000742700000, 0x0000000742700000, 0x0000000742800000|  0%| F|  |TAMS 0x0000000742700000, 0x0000000742700000| Untracked 
|  40|0x0000000742800000, 0x0000000742800000, 0x0000000742900000|  0%| F|  |TAMS 0x0000000742800000, 0x0000000742800000| Untracked 
|  41|0x0000000742900000, 0x0000000742900000, 0x0000000742a00000|  0%| F|  |TAMS 0x0000000742900000, 0x0000000742900000| Untracked 
|  42|0x0000000742a00000, 0x0000000742a00000, 0x0000000742b00000|  0%| F|  |TAMS 0x0000000742a00000, 0x0000000742a00000| Untracked 
|  43|0x0000000742b00000, 0x0000000742b00000, 0x0000000742c00000|  0%| F|  |TAMS 0x0000000742b00000, 0x0000000742b00000| Untracked 
|  44|0x0000000742c00000, 0x0000000742c00000, 0x0000000742d00000|  0%| F|  |TAMS 0x0000000742c00000, 0x0000000742c00000| Untracked 
|  45|0x0000000742d00000, 0x0000000742d00000, 0x0000000742e00000|  0%| F|  |TAMS 0x0000000742d00000, 0x0000000742d00000| Untracked 
|  46|0x0000000742e00000, 0x0000000742e00000, 0x0000000742f00000|  0%| F|  |TAMS 0x0000000742e00000, 0x0000000742e00000| Untracked 
|  47|0x0000000742f00000, 0x0000000742f00000, 0x0000000743000000|  0%| F|  |TAMS 0x0000000742f00000, 0x0000000742f00000| Untracked 
|  48|0x0000000743000000, 0x0000000743000000, 0x0000000743100000|  0%| F|  |TAMS 0x0000000743000000, 0x0000000743000000| Untracked 
|  49|0x0000000743100000, 0x0000000743100000, 0x0000000743200000|  0%| F|  |TAMS 0x0000000743100000, 0x0000000743100000| Untracked 
|  50|0x0000000743200000, 0x0000000743200000, 0x0000000743300000|  0%| F|  |TAMS 0x0000000743200000, 0x0000000743200000| Untracked 
|  51|0x0000000743300000, 0x0000000743300000, 0x0000000743400000|  0%| F|  |TAMS 0x0000000743300000, 0x0000000743300000| Untracked 
|  52|0x0000000743400000, 0x0000000743400000, 0x0000000743500000|  0%| F|  |TAMS 0x0000000743400000, 0x0000000743400000| Untracked 
|  53|0x0000000743500000, 0x0000000743500000, 0x0000000743600000|  0%| F|  |TAMS 0x0000000743500000, 0x0000000743500000| Untracked 
|  54|0x0000000743600000, 0x0000000743600000, 0x0000000743700000|  0%| F|  |TAMS 0x0000000743600000, 0x0000000743600000| Untracked 
|  55|0x0000000743700000, 0x0000000743700000, 0x0000000743800000|  0%| F|  |TAMS 0x0000000743700000, 0x0000000743700000| Untracked 
|  56|0x0000000743800000, 0x0000000743800000, 0x0000000743900000|  0%| F|  |TAMS 0x0000000743800000, 0x0000000743800000| Untracked 
|  57|0x0000000743900000, 0x0000000743900000, 0x0000000743a00000|  0%| F|  |TAMS 0x0000000743900000, 0x0000000743900000| Untracked 
|  58|0x0000000743a00000, 0x0000000743a00000, 0x0000000743b00000|  0%| F|  |TAMS 0x0000000743a00000, 0x0000000743a00000| Untracked 
|  59|0x0000000743b00000, 0x0000000743b00000, 0x0000000743c00000|  0%| F|  |TAMS 0x0000000743b00000, 0x0000000743b00000| Untracked 
|  60|0x0000000743c00000, 0x0000000743c00000, 0x0000000743d00000|  0%| F|  |TAMS 0x0000000743c00000, 0x0000000743c00000| Untracked 
|  61|0x0000000743d00000, 0x0000000743d00000, 0x0000000743e00000|  0%| F|  |TAMS 0x0000000743d00000, 0x0000000743d00000| Untracked 
|  62|0x0000000743e00000, 0x0000000743e00000, 0x0000000743f00000|  0%| F|  |TAMS 0x0000000743e00000, 0x0000000743e00000| Untracked 
|  63|0x0000000743f00000, 0x0000000743f00000, 0x0000000744000000|  0%| F|  |TAMS 0x0000000743f00000, 0x0000000743f00000| Untracked 
|  64|0x0000000744000000, 0x0000000744000000, 0x0000000744100000|  0%| F|  |TAMS 0x0000000744000000, 0x0000000744000000| Untracked 
|  65|0x0000000744100000, 0x0000000744100000, 0x0000000744200000|  0%| F|  |TAMS 0x0000000744100000, 0x0000000744100000| Untracked 
|  66|0x0000000744200000, 0x0000000744200000, 0x0000000744300000|  0%| F|  |TAMS 0x0000000744200000, 0x0000000744200000| Untracked 
|  67|0x0000000744300000, 0x0000000744300000, 0x0000000744400000|  0%| F|  |TAMS 0x0000000744300000, 0x0000000744300000| Untracked 
|  68|0x0000000744400000, 0x0000000744400000, 0x0000000744500000|  0%| F|  |TAMS 0x0000000744400000, 0x0000000744400000| Untracked 
|  69|0x0000000744500000, 0x0000000744500000, 0x0000000744600000|  0%| F|  |TAMS 0x0000000744500000, 0x0000000744500000| Untracked 
|  70|0x0000000744600000, 0x0000000744600000, 0x0000000744700000|  0%| F|  |TAMS 0x0000000744600000, 0x0000000744600000| Untracked 
|  71|0x0000000744700000, 0x0000000744700000, 0x0000000744800000|  0%| F|  |TAMS 0x0000000744700000, 0x0000000744700000| Untracked 
|  72|0x0000000744800000, 0x0000000744800000, 0x0000000744900000|  0%| F|  |TAMS 0x0000000744800000, 0x0000000744800000| Untracked 
|  73|0x0000000744900000, 0x0000000744900000, 0x0000000744a00000|  0%| F|  |TAMS 0x0000000744900000, 0x0000000744900000| Untracked 
|  74|0x0000000744a00000, 0x0000000744a00000, 0x0000000744b00000|  0%| F|  |TAMS 0x0000000744a00000, 0x0000000744a00000| Untracked 
|  75|0x0000000744b00000, 0x0000000744b00000, 0x0000000744c00000|  0%| F|  |TAMS 0x0000000744b00000, 0x0000000744b00000| Untracked 
|  76|0x0000000744c00000, 0x0000000744c00000, 0x0000000744d00000|  0%| F|  |TAMS 0x0000000744c00000, 0x0000000744c00000| Untracked 
|  77|0x0000000744d00000, 0x0000000744d00000, 0x0000000744e00000|  0%| F|  |TAMS 0x0000000744d00000, 0x0000000744d00000| Untracked 
|  78|0x0000000744e00000, 0x0000000744e00000, 0x0000000744f00000|  0%| F|  |TAMS 0x0000000744e00000, 0x0000000744e00000| Untracked 
|  79|0x0000000744f00000, 0x0000000744f00000, 0x0000000745000000|  0%| F|  |TAMS 0x0000000744f00000, 0x0000000744f00000| Untracked 
|  80|0x0000000745000000, 0x0000000745000000, 0x0000000745100000|  0%| F|  |TAMS 0x0000000745000000, 0x0000000745000000| Untracked 
|  81|0x0000000745100000, 0x0000000745100000, 0x0000000745200000|  0%| F|  |TAMS 0x0000000745100000, 0x0000000745100000| Untracked 
|  82|0x0000000745200000, 0x0000000745200000, 0x0000000745300000|  0%| F|  |TAMS 0x0000000745200000, 0x0000000745200000| Untracked 
|  83|0x0000000745300000, 0x0000000745300000, 0x0000000745400000|  0%| F|  |TAMS 0x0000000745300000, 0x0000000745300000| Untracked 
|  84|0x0000000745400000, 0x0000000745400000, 0x0000000745500000|  0%| F|  |TAMS 0x0000000745400000, 0x0000000745400000| Untracked 
|  85|0x0000000745500000, 0x0000000745500000, 0x0000000745600000|  0%| F|  |TAMS 0x0000000745500000, 0x0000000745500000| Untracked 
|  86|0x0000000745600000, 0x0000000745600000, 0x0000000745700000|  0%| F|  |TAMS 0x0000000745600000, 0x0000000745600000| Untracked 
|  87|0x0000000745700000, 0x0000000745700000, 0x0000000745800000|  0%| F|  |TAMS 0x0000000745700000, 0x0000000745700000| Untracked 
|  88|0x0000000745800000, 0x0000000745800000, 0x0000000745900000|  0%| F|  |TAMS 0x0000000745800000, 0x0000000745800000| Untracked 
|  89|0x0000000745900000, 0x0000000745900000, 0x0000000745a00000|  0%| F|  |TAMS 0x0000000745900000, 0x0000000745900000| Untracked 
|  90|0x0000000745a00000, 0x0000000745a00000, 0x0000000745b00000|  0%| F|  |TAMS 0x0000000745a00000, 0x0000000745a00000| Untracked 
|  91|0x0000000745b00000, 0x0000000745b00000, 0x0000000745c00000|  0%| F|  |TAMS 0x0000000745b00000, 0x0000000745b00000| Untracked 
|  92|0x0000000745c00000, 0x0000000745c00000, 0x0000000745d00000|  0%| F|  |TAMS 0x0000000745c00000, 0x0000000745c00000| Untracked 
|  93|0x0000000745d00000, 0x0000000745d00000, 0x0000000745e00000|  0%| F|  |TAMS 0x0000000745d00000, 0x0000000745d00000| Untracked 
|  94|0x0000000745e00000, 0x0000000745e00000, 0x0000000745f00000|  0%| F|  |TAMS 0x0000000745e00000, 0x0000000745e00000| Untracked 
|  95|0x0000000745f00000, 0x0000000745f00000, 0x0000000746000000|  0%| F|  |TAMS 0x0000000745f00000, 0x0000000745f00000| Untracked 
|  96|0x0000000746000000, 0x0000000746000000, 0x0000000746100000|  0%| F|  |TAMS 0x0000000746000000, 0x0000000746000000| Untracked 
|  97|0x0000000746100000, 0x0000000746100000, 0x0000000746200000|  0%| F|  |TAMS 0x0000000746100000, 0x0000000746100000| Untracked 
|  98|0x0000000746200000, 0x0000000746200000, 0x0000000746300000|  0%| F|  |TAMS 0x0000000746200000, 0x0000000746200000| Untracked 
|  99|0x0000000746300000, 0x0000000746300000, 0x0000000746400000|  0%| F|  |TAMS 0x0000000746300000, 0x0000000746300000| Untracked 
| 100|0x0000000746400000, 0x0000000746400000, 0x0000000746500000|  0%| F|  |TAMS 0x0000000746400000, 0x0000000746400000| Untracked 
| 101|0x0000000746500000, 0x0000000746500000, 0x0000000746600000|  0%| F|  |TAMS 0x0000000746500000, 0x0000000746500000| Untracked 
| 102|0x0000000746600000, 0x0000000746600000, 0x0000000746700000|  0%| F|  |TAMS 0x0000000746600000, 0x0000000746600000| Untracked 
| 103|0x0000000746700000, 0x0000000746700000, 0x0000000746800000|  0%| F|  |TAMS 0x0000000746700000, 0x0000000746700000| Untracked 
| 104|0x0000000746800000, 0x0000000746800000, 0x0000000746900000|  0%| F|  |TAMS 0x0000000746800000, 0x0000000746800000| Untracked 
| 105|0x0000000746900000, 0x0000000746900000, 0x0000000746a00000|  0%| F|  |TAMS 0x0000000746900000, 0x0000000746900000| Untracked 
| 106|0x0000000746a00000, 0x0000000746a00000, 0x0000000746b00000|  0%| F|  |TAMS 0x0000000746a00000, 0x0000000746a00000| Untracked 
| 107|0x0000000746b00000, 0x0000000746b00000, 0x0000000746c00000|  0%| F|  |TAMS 0x0000000746b00000, 0x0000000746b00000| Untracked 
| 108|0x0000000746c00000, 0x0000000746c00000, 0x0000000746d00000|  0%| F|  |TAMS 0x0000000746c00000, 0x0000000746c00000| Untracked 
| 109|0x0000000746d00000, 0x0000000746d00000, 0x0000000746e00000|  0%| F|  |TAMS 0x0000000746d00000, 0x0000000746d00000| Untracked 
| 110|0x0000000746e00000, 0x0000000746e00000, 0x0000000746f00000|  0%| F|  |TAMS 0x0000000746e00000, 0x0000000746e00000| Untracked 
| 111|0x0000000746f00000, 0x0000000746f00000, 0x0000000747000000|  0%| F|  |TAMS 0x0000000746f00000, 0x0000000746f00000| Untracked 
| 112|0x0000000747000000, 0x0000000747000000, 0x0000000747100000|  0%| F|  |TAMS 0x0000000747000000, 0x0000000747000000| Untracked 
| 113|0x0000000747100000, 0x0000000747100000, 0x0000000747200000|  0%| F|  |TAMS 0x0000000747100000, 0x0000000747100000| Untracked 
| 114|0x0000000747200000, 0x0000000747200000, 0x0000000747300000|  0%| F|  |TAMS 0x0000000747200000, 0x0000000747200000| Untracked 
| 115|0x0000000747300000, 0x0000000747300000, 0x0000000747400000|  0%| F|  |TAMS 0x0000000747300000, 0x0000000747300000| Untracked 
| 116|0x0000000747400000, 0x0000000747400000, 0x0000000747500000|  0%| F|  |TAMS 0x0000000747400000, 0x0000000747400000| Untracked 
| 117|0x0000000747500000, 0x0000000747500000, 0x0000000747600000|  0%| F|  |TAMS 0x0000000747500000, 0x0000000747500000| Untracked 
| 118|0x0000000747600000, 0x0000000747600000, 0x0000000747700000|  0%| F|  |TAMS 0x0000000747600000, 0x0000000747600000| Untracked 
| 119|0x0000000747700000, 0x0000000747700000, 0x0000000747800000|  0%| F|  |TAMS 0x0000000747700000, 0x0000000747700000| Untracked 
| 120|0x0000000747800000, 0x00000007478ec120, 0x0000000747900000| 92%| E|  |TAMS 0x0000000747800000, 0x0000000747800000| Complete 
| 121|0x0000000747900000, 0x0000000747a00000, 0x0000000747a00000|100%| E|CS|TAMS 0x0000000747900000, 0x0000000747900000| Complete 
| 122|0x0000000747a00000, 0x0000000747b00000, 0x0000000747b00000|100%| E|CS|TAMS 0x0000000747a00000, 0x0000000747a00000| Complete 
| 123|0x0000000747b00000, 0x0000000747c00000, 0x0000000747c00000|100%| E|  |TAMS 0x0000000747b00000, 0x0000000747b00000| Complete 
| 124|0x0000000747c00000, 0x0000000747d00000, 0x0000000747d00000|100%| E|CS|TAMS 0x0000000747c00000, 0x0000000747c00000| Complete 
| 125|0x0000000747d00000, 0x0000000747e00000, 0x0000000747e00000|100%| E|CS|TAMS 0x0000000747d00000, 0x0000000747d00000| Complete 
| 126|0x0000000747e00000, 0x0000000747f00000, 0x0000000747f00000|100%| E|CS|TAMS 0x0000000747e00000, 0x0000000747e00000| Complete 
| 127|0x0000000747f00000, 0x0000000748000000, 0x0000000748000000|100%| E|CS|TAMS 0x0000000747f00000, 0x0000000747f00000| Complete 

Card table byte_map: [0x0000000121a58000,0x0000000121e58000] _byte_map_base: 0x000000011e058000

Marking Bits (Prev, Next): (CMBitMap*) 0x000000013903e210, (CMBitMap*) 0x000000013903e250
 Prev Bits: [0x0000000122258000, 0x0000000124258000)
 Next Bits: [0x0000000124258000, 0x0000000126258000)

Polling page: 0x0000000104878000

Metaspace:

Usage:
  Non-class:      4.94 MB used.
      Class:    512.23 KB used.
       Both:      5.44 MB used.

Virtual space:
  Non-class space:        8.00 MB reserved,       5.00 MB ( 62%) committed,  1 nodes.
      Class space:        1.00 GB reserved,     576.00 KB ( <1%) committed,  1 nodes.
              Both:        1.01 GB reserved,       5.56 MB ( <1%) committed. 

Chunk freelists:
   Non-Class:  2.77 MB
       Class:  3.25 MB
        Both:  6.02 MB

MaxMetaspaceSize: 17179869184.00 GB
CompressedClassSpaceSize: 1.00 GB
 - commit_granule_bytes: 65536.
 - commit_granule_words: 8192.
 - virtual_space_node_default_size: 1048576.
 - enlarge_chunks_in_place: 1.
 - new_chunks_are_fully_committed: 0.
 - uncommit_free_chunks: 1.
 - use_allocation_guard: 0.
 - handle_deallocations: 1.


Internal statistics:

num_allocs_failed_limit: 0.
num_arena_births: 4.
num_arena_deaths: 0.
num_vsnodes_births: 2.
num_vsnodes_deaths: 0.
num_space_committed: 89.
num_space_uncommitted: 0.
num_chunks_returned_to_freelist: 0.
num_chunks_taken_from_freelist: 24.
num_chunk_merges: 0.
num_chunk_splits: 13.
num_chunks_enlarged: 11.
num_purges: 0.

CodeHeap 'non-profiled nmethods': size=238384Kb used=412Kb max_used=412Kb free=237971Kb
 bounds [0x0000000112d8c000, 0x0000000112ffc000, 0x0000000121658000]
CodeHeap 'non-nmethods': size=7376Kb used=1006Kb max_used=1006Kb free=6369Kb
 bounds [0x0000000112658000, 0x00000001128c8000, 0x0000000112d8c000]
 total_blobs=585 nmethods=298 adapters=219
 compilation: enabled
              stopped_count=0, restarted_count=0
 full_count=0

Compilation events (20 events):
Event: 0.132 Thread 0x0000000139058a00  291       1       java.lang.String::<init> (74 bytes)
Event: 0.133 Thread 0x0000000139058a00 nmethod 291 0x0000000112dec290 code [0x0000000112dec480, 0x0000000112dec908]
Event: 0.133 Thread 0x0000000139058a00  297       1       sun.security.provider.PolicyParser::peek (182 bytes)
Event: 0.133 Thread 0x0000000139058a00 nmethod 297 0x0000000112decb10 code [0x0000000112decd40, 0x0000000112ded178]
Event: 0.133 Thread 0x0000000139058a00  298       1       sun.security.provider.PolicyParser::match (788 bytes)
Event: 0.133 Thread 0x0000000139058a00 nmethod 298 0x0000000112ded410 code [0x0000000112deda80, 0x0000000112def688]
Event: 0.133 Thread 0x0000000139058a00  295       1       java.lang.String::<init> (14 bytes)
Event: 0.133 Thread 0x0000000139058a00 nmethod 295 0x0000000112df0810 code [0x0000000112df09c0, 0x0000000112df0b48]
Event: 0.133 Thread 0x0000000139058a00  296       1       java.lang.String::rangeCheck (9 bytes)
Event: 0.133 Thread 0x0000000139058a00 nmethod 296 0x0000000112df0c90 code [0x0000000112df0e40, 0x0000000112df0f58]
Event: 0.133 Thread 0x0000000139058a00  292       1       java.lang.StringUTF16::compress (20 bytes)
Event: 0.133 Thread 0x0000000139058a00 nmethod 292 0x0000000112df1010 code [0x0000000112df11c0, 0x0000000112df13d8]
Event: 0.133 Thread 0x0000000139058a00  293       1       java.lang.String::indexOf (18 bytes)
Event: 0.134 Thread 0x0000000139058a00 nmethod 293 0x0000000112df1490 code [0x0000000112df1640, 0x0000000112df1798]
Event: 0.134 Thread 0x0000000139058a00  294       1       java.lang.String::indexOf (113 bytes)
Event: 0.134 Thread 0x0000000139058a00 nmethod 294 0x0000000112df1890 code [0x0000000112df1ac0, 0x0000000112df1f38]
Event: 0.134 Thread 0x0000000139058a00  299       1       java.nio.Buffer::<init> (105 bytes)
Event: 0.135 Thread 0x0000000139058a00 nmethod 299 0x0000000112df2210 code [0x0000000112df2480, 0x0000000112df2ae8]
Event: 0.135 Thread 0x0000000139058a00  300       1       java.nio.ByteBuffer::limit (8 bytes)
Event: 0.135 Thread 0x0000000139058a00 nmethod 300 0x0000000112df2e90 code [0x0000000112df3040, 0x0000000112df3158]

GC Heap History (0 events):
No events

Deoptimization events (0 events):
No events

Classes unloaded (0 events):
No events

Classes redefined (0 events):
No events

Internal exceptions (1 events):
Event: 0.135 Thread 0x0000000139017800 Exception <a 'java/lang/ClassNotFoundException'{0x00000007478953d8}: javax/smartcardio/CardPermission> (0x00000007478953d8) 
thrown [src/hotspot/share/classfile/systemDictionary.cpp, line 256]

Events (20 events):
Event: 0.134 loading class java/util/Arrays$LegacyMergeSort
Event: 0.134 loading class java/util/Arrays$LegacyMergeSort done
Event: 0.134 loading class java/util/ComparableTimSort
Event: 0.134 loading class java/util/ComparableTimSort done
Event: 0.134 loading class java/util/Collections$UnmodifiableRandomAccessList
Event: 0.134 loading class java/util/Collections$UnmodifiableList
Event: 0.134 loading class java/util/Collections$UnmodifiableList done
Event: 0.134 loading class java/util/Collections$UnmodifiableRandomAccessList done
Event: 0.134 loading class java/util/StringJoiner
Event: 0.134 loading class java/util/StringJoiner done
Event: 0.134 loading class java/util/Collections$UnmodifiableCollection$1
Event: 0.134 loading class java/util/Collections$UnmodifiableCollection$1 done
Event: 0.134 loading class java/io/FilePermission$1
Event: 0.134 loading class jdk/internal/access/JavaIOFilePermissionAccess
Event: 0.134 loading class jdk/internal/access/JavaIOFilePermissionAccess done
Event: 0.134 loading class java/io/FilePermission$1 done
Event: 0.134 loading class sun/security/util/FilePermCompat
Event: 0.134 loading class sun/security/util/FilePermCompat done
Event: 0.134 loading class sun/security/util/SecurityProperties
Event: 0.135 loading class sun/security/util/SecurityProperties done


Dynamic libraries:
0x00000001a71d5000 	/usr/lib/libz.1.dylib
0x0000000104814000 	/opt/homebrew/Cellar/openjdk/15.0.2/libexec/openjdk.jdk/Contents/Home/lib/libjli.dylib
0x00000001b16df000 	/System/Library/Frameworks/Cocoa.framework/Versions/A/Cocoa
0x000000019f622000 	/System/Library/Frameworks/Security.framework/Versions/A/Security
0x00000001afa4d000 	/System/Library/Frameworks/ApplicationServices.framework/Versions/A/ApplicationServices
0x00000001a727b000 	/usr/lib/libSystem.B.dylib
0x00000001a7275000 	/usr/lib/system/libcache.dylib
0x00000001a7234000 	/usr/lib/system/libcommonCrypto.dylib
0x00000001a725e000 	/usr/lib/system/libcompiler_rt.dylib
0x00000001a7255000 	/usr/lib/system/libcopyfile.dylib
0x000000019d598000 	/usr/lib/system/libcorecrypto.dylib
0x000000019d638000 	/usr/lib/system/libdispatch.dylib
0x000000019d7f1000 	/usr/lib/system/libdyld.dylib
0x00000001a726b000 	/usr/lib/system/libkeymgr.dylib
0x00000001aa69c000 	/usr/lib/system/liblaunch.dylib
0x00000001a7216000 	/usr/lib/system/libmacho.dylib
0x00000001a6a88000 	/usr/lib/system/libquarantine.dylib
0x00000001a7268000 	/usr/lib/system/libremovefile.dylib
0x00000001a207e000 	/usr/lib/system/libsystem_asl.dylib
0x000000019d546000 	/usr/lib/system/libsystem_blocks.dylib
0x000000019d6ba000 	/usr/lib/system/libsystem_c.dylib
0x00000001a7262000 	/usr/lib/system/libsystem_collections.dylib
0x00000001a60c2000 	/usr/lib/system/libsystem_configuration.dylib
0x00000001a5445000 	/usr/lib/system/libsystem_containermanager.dylib
0x00000001a6feb000 	/usr/lib/system/libsystem_coreservices.dylib
0x000000019fbf9000 	/usr/lib/system/libsystem_darwin.dylib
0x00000001a726c000 	/usr/lib/system/libsystem_dnssd.dylib
0x000000019d6b7000 	/usr/lib/system/libsystem_featureflags.dylib
0x000000019d83a000 	/usr/lib/system/libsystem_info.dylib
0x00000001a71e7000 	/usr/lib/system/libsystem_m.dylib
0x000000019d60c000 	/usr/lib/system/libsystem_malloc.dylib
0x00000001a2019000 	/usr/lib/system/libsystem_networkextension.dylib
0x00000001a003c000 	/usr/lib/system/libsystem_notify.dylib
0x00000001acb4a000 	/usr/lib/system/libsystem_product_info_filter.dylib
0x00000001a60c7000 	/usr/lib/system/libsystem_sandbox.dylib
0x00000001a7265000 	/usr/lib/system/libsystem_secinit.dylib
0x000000019d7b0000 	/usr/lib/system/libsystem_kernel.dylib
0x000000019d833000 	/usr/lib/system/libsystem_platform.dylib
0x000000019d7e4000 	/usr/lib/system/libsystem_pthread.dylib
0x00000001a35eb000 	/usr/lib/system/libsystem_symptoms.dylib
0x000000019d580000 	/usr/lib/system/libsystem_trace.dylib
0x00000001a7242000 	/usr/lib/system/libunwind.dylib
0x000000019d548000 	/usr/lib/system/libxpc.dylib
0x000000019d798000 	/usr/lib/libc++abi.dylib
0x000000019d67d000 	/usr/lib/libobjc.A.dylib
0x00000001a724d000 	/usr/lib/liboah.dylib
0x000000019d73c000 	/usr/lib/libc++.1.dylib
0x000000019d866000 	/System/Library/Frameworks/CoreFoundation.framework/Versions/A/CoreFoundation
0x000000019e62d000 	/System/Library/Frameworks/Foundation.framework/Versions/C/Foundation
0x00000001a0096000 	/System/Library/Frameworks/AppKit.framework/Versions/C/AppKit
0x00000001a2eb4000 	/System/Library/Frameworks/CoreData.framework/Versions/A/CoreData
0x00000001a0dd6000 	/System/Library/PrivateFrameworks/UIFoundation.framework/Versions/A/UIFoundation
0x00000001ac8dc000 	/System/Library/PrivateFrameworks/RemoteViewServices.framework/Versions/A/RemoteViewServices
0x00000001a5af6000 	/System/Library/PrivateFrameworks/XCTTargetBootstrap.framework/Versions/A/XCTTargetBootstrap
0x00000001a8435000 	/usr/lib/libspindump.dylib
0x00000001a0ffd000 	/System/Library/Frameworks/UniformTypeIdentifiers.framework/Versions/A/UniformTypeIdentifiers
0x00000001a40de000 	/usr/lib/libapp_launch_measurement.dylib
0x00000001a40e1000 	/System/Library/PrivateFrameworks/CoreAutoLayout.framework/Versions/A/CoreAutoLayout
0x00000001a5473000 	/System/Library/Frameworks/Metal.framework/Versions/A/Metal
0x00000001a60d2000 	/usr/lib/liblangid.dylib
0x00000001a5afa000 	/System/Library/PrivateFrameworks/CoreSVG.framework/Versions/A/CoreSVG
0x00000001a20b0000 	/System/Library/PrivateFrameworks/SkyLight.framework/Versions/A/SkyLight
0x00000001a241b000 	/System/Library/Frameworks/CoreGraphics.framework/Versions/A/CoreGraphics
0x00000001acdfc000 	/System/Library/Frameworks/Accelerate.framework/Versions/A/Accelerate
0x00000001a7e8f000 	/System/Library/PrivateFrameworks/IconServices.framework/Versions/A/IconServices
0x00000001a5457000 	/System/Library/Frameworks/IOSurface.framework/Versions/A/IOSurface
0x00000001a3782000 	/usr/lib/libDiagnosticMessagesClient.dylib
0x00000001a5ade000 	/System/Library/PrivateFrameworks/DFRFoundation.framework/Versions/A/DFRFoundation
0x000000019f987000 	/usr/lib/libicucore.A.dylib
0x00000001a9986000 	/System/Library/Frameworks/AudioToolbox.framework/Versions/A/AudioToolbox
0x00000001a8b9b000 	/System/Library/PrivateFrameworks/DataDetectorsCore.framework/Versions/A/DataDetectorsCore
0x00000001a202b000 	/usr/lib/libMobileGestalt.dylib
0x00000001a57d3000 	/System/Library/Frameworks/Carbon.framework/Versions/A/Frameworks/HIToolbox.framework/Versions/A/HIToolbox
0x00000001a3b7d000 	/System/Library/Frameworks/QuartzCore.framework/Versions/A/QuartzCore
0x00000001ac914000 	/System/Library/Frameworks/Carbon.framework/Versions/A/Frameworks/SpeechRecognition.framework/Versions/A/SpeechRecognition
0x00000001a3e7c000 	/System/Library/PrivateFrameworks/CoreUI.framework/Versions/A/CoreUI
0x000000019f007000 	/System/Library/Frameworks/CoreAudio.framework/Versions/A/CoreAudio
0x00000001a386b000 	/System/Library/Frameworks/DiskArbitration.framework/Versions/A/DiskArbitration
0x00000001a87e8000 	/System/Library/PrivateFrameworks/MultitouchSupport.framework/Versions/A/MultitouchSupport
0x00000001a8b92000 	/System/Library/PrivateFrameworks/InternationalSupport.framework/Versions/A/InternationalSupport
0x00000001a2029000 	/usr/lib/libenergytrace.dylib
0x000000019ff70000 	/System/Library/Frameworks/IOKit.framework/Versions/A/IOKit
0x00000001acc3f000 	/System/Library/Frameworks/CoreServices.framework/Versions/A/CoreServices
0x00000001a4074000 	/System/Library/PrivateFrameworks/PerformanceAnalysis.framework/Versions/A/PerformanceAnalysis
0x00000001df7e0000 	/System/Library/Frameworks/OpenGL.framework/Versions/A/OpenGL
0x00000001a8c10000 	/System/Library/PrivateFrameworks/UserActivity.framework/Versions/A/UserActivity
0x00000001a2a09000 	/System/Library/Frameworks/ColorSync.framework/Versions/A/ColorSync
0x00000001a5d44000 	/System/Library/Frameworks/CoreImage.framework/Versions/A/CoreImage
0x000000019ee37000 	/System/Library/Frameworks/CoreText.framework/Versions/A/CoreText
0x00000001a5b25000 	/System/Library/Frameworks/ImageIO.framework/Versions/A/ImageIO
0x00000001a7281000 	/System/Library/PrivateFrameworks/SoftLinking.framework/Versions/A/SoftLinking
0x00000001a4124000 	/usr/lib/libxml2.2.dylib
0x00000001a7501000 	/usr/lib/libcompression.dylib
0x00000001a8ade000 	/System/Library/PrivateFrameworks/TextureIO.framework/Versions/A/TextureIO
0x00000001a7bec000 	/usr/lib/libate.dylib
0x00000001a7a35000 	/usr/lib/liblzma.5.dylib
0x000000019e342000 	/System/Library/Frameworks/SystemConfiguration.framework/Versions/A/SystemConfiguration
0x00000001a727d000 	/usr/lib/libfakelink.dylib
0x00000001a1b90000 	/System/Library/Frameworks/CFNetwork.framework/Versions/A/CFNetwork
0x00000001a73c7000 	/usr/lib/libarchive.2.dylib
0x000000019e3ca000 	/usr/lib/libCRFSuite.dylib
0x00000001a6ab2000 	/usr/lib/libbsm.0.dylib
0x00000001a1447000 	/usr/lib/libnetwork.dylib
0x00000001a7282000 	/usr/lib/libpcap.A.dylib
0x00000001a35e3000 	/usr/lib/libdns_services.dylib
0x00000001a7a4e000 	/usr/lib/libcoretls_cfhelpers.dylib
0x00000001a74d0000 	/usr/lib/libapple_nghttp2.dylib
0x00000001a721c000 	/usr/lib/system/libkxld.dylib
0x00000001a3274000 	/usr/lib/libsqlite3.dylib
0x00000001a6fce000 	/System/Library/PrivateFrameworks/AppleFSCompression.framework/Versions/A/AppleFSCompression
0x00000001a6a9b000 	/usr/lib/libcoretls.dylib
0x00000001a74fc000 	/usr/lib/libpam.2.dylib
0x00000001a7b35000 	/usr/lib/libxar.1.dylib
0x00000001a60ce000 	/System/Library/PrivateFrameworks/AppleSystemInfo.framework/Versions/A/AppleSystemInfo
0x00000001a66eb000 	/System/Library/PrivateFrameworks/IOMobileFramebuffer.framework/Versions/A/IOMobileFramebuffer
0x00000001a6fde000 	/usr/lib/libbz2.1.0.dylib
0x00000001a72be000 	/usr/lib/libiconv.2.dylib
0x00000001a7215000 	/usr/lib/libcharset.1.dylib
0x00000001a40ad000 	/System/Library/Frameworks/CoreServices.framework/Versions/A/Frameworks/FSEvents.framework/Versions/A/FSEvents
0x000000019fc04000 	/System/Library/Frameworks/CoreServices.framework/Versions/A/Frameworks/CarbonCore.framework/Versions/A/CarbonCore
0x00000001a37d1000 	/System/Library/Frameworks/CoreServices.framework/Versions/A/Frameworks/Metadata.framework/Versions/A/Metadata
0x00000001a6ff0000 	/System/Library/Frameworks/CoreServices.framework/Versions/A/Frameworks/OSServices.framework/Versions/A/OSServices
0x00000001a7438000 	/System/Library/Frameworks/CoreServices.framework/Versions/A/Frameworks/SearchKit.framework/Versions/A/SearchKit
0x00000001a356f000 	/System/Library/Frameworks/CoreServices.framework/Versions/A/Frameworks/AE.framework/Versions/A/AE
0x000000019dd15000 	/System/Library/Frameworks/CoreServices.framework/Versions/A/Frameworks/LaunchServices.framework/Versions/A/LaunchServices
0x00000001a79e2000 	/System/Library/Frameworks/CoreServices.framework/Versions/A/Frameworks/DictionaryServices.framework/Versions/A/DictionaryServices
0x00000001a40ba000 	/System/Library/Frameworks/CoreServices.framework/Versions/A/Frameworks/SharedFileList.framework/Versions/A/SharedFileList
0x00000001a6a8b000 	/usr/lib/libCheckFix.dylib
0x00000001a2096000 	/System/Library/PrivateFrameworks/TCC.framework/Versions/A/TCC
0x00000001a60d4000 	/System/Library/PrivateFrameworks/CoreNLP.framework/Versions/A/CoreNLP
0x00000001a3785000 	/System/Library/PrivateFrameworks/MetadataUtilities.framework/Versions/A/MetadataUtilities
0x000000019e3fe000 	/usr/lib/libmecabra.dylib
0x00000001a6d71000 	/System/Library/Frameworks/MLCompute.framework/Versions/A/MLCompute
0x00000001a6ac3000 	/usr/lib/libmecab.dylib
0x00000001a6b09000 	/usr/lib/libgermantok.dylib
0x00000001a74a9000 	/usr/lib/libThaiTokenizer.dylib
0x00000001a7b71000 	/usr/lib/libChineseTokenizer.dylib
0x00000001a74fa000 	/System/Library/Frameworks/MetalPerformanceShaders.framework/Versions/A/MetalPerformanceShaders
0x00000001a3872000 	/System/Library/Frameworks/Accelerate.framework/Versions/A/Frameworks/vImage.framework/Versions/A/vImage
0x00000001acc1d000 	/System/Library/Frameworks/Accelerate.framework/Versions/A/Frameworks/vecLib.framework/Versions/A/vecLib
0x00000001a7b7c000 	/System/Library/Frameworks/Accelerate.framework/Versions/A/Frameworks/vecLib.framework/Versions/A/libvMisc.dylib
0x00000001a6629000 	/System/Library/Frameworks/Accelerate.framework/Versions/A/Frameworks/vecLib.framework/Versions/A/libvDSP.dylib
0x000000019e028000 	/System/Library/Frameworks/Accelerate.framework/Versions/A/Frameworks/vecLib.framework/Versions/A/libBLAS.dylib
0x00000001a7525000 	/System/Library/Frameworks/Accelerate.framework/Versions/A/Frameworks/vecLib.framework/Versions/A/libLAPACK.dylib
0x00000001a6b0e000 	/System/Library/Frameworks/Accelerate.framework/Versions/A/Frameworks/vecLib.framework/Versions/A/libLinearAlgebra.dylib
0x00000001a74e7000 	/System/Library/Frameworks/Accelerate.framework/Versions/A/Frameworks/vecLib.framework/Versions/A/libSparseBLAS.dylib
0x00000001a7520000 	/System/Library/Frameworks/Accelerate.framework/Versions/A/Frameworks/vecLib.framework/Versions/A/libQuadrature.dylib
0x00000001a616a000 	/System/Library/Frameworks/Accelerate.framework/Versions/A/Frameworks/vecLib.framework/Versions/A/libBNNS.dylib
0x000000019e2de000 	/System/Library/Frameworks/Accelerate.framework/Versions/A/Frameworks/vecLib.framework/Versions/A/libSparse.dylib
0x00000001a605d000 	/System/Library/Frameworks/MetalPerformanceShaders.framework/Versions/A/Frameworks/MPSCore.framework/Versions/A/MPSCore
0x00000001a6f46000 	/System/Library/Frameworks/MetalPerformanceShaders.framework/Versions/A/Frameworks/MPSImage.framework/Versions/A/MPSImage
0x00000001a6b23000 	/System/Library/Frameworks/MetalPerformanceShaders.framework/Versions/A/Frameworks/MPSNeuralNetwork.framework/Versions/A/MPSNeuralNetwork
0x00000001a6ec4000 	/System/Library/Frameworks/MetalPerformanceShaders.framework/Versions/A/Frameworks/MPSMatrix.framework/Versions/A/MPSMatrix
0x00000001a6d27000 	/System/Library/Frameworks/MetalPerformanceShaders.framework/Versions/A/Frameworks/MPSRayIntersector.framework/Versions/A/MPSRayIntersector
0x00000001a6ef3000 	/System/Library/Frameworks/MetalPerformanceShaders.framework/Versions/A/Frameworks/MPSNDArray.framework/Versions/A/MPSNDArray
0x000000019df4e000 	/System/Library/PrivateFrameworks/MetalTools.framework/Versions/A/MetalTools
0x00000001a60cc000 	/System/Library/PrivateFrameworks/AggregateDictionary.framework/Versions/A/AggregateDictionary
0x00000001a374f000 	/System/Library/PrivateFrameworks/CoreAnalytics.framework/Versions/A/CoreAnalytics
0x00000001a74ab000 	/System/Library/PrivateFrameworks/AppleSauce.framework/Versions/A/AppleSauce
0x00000001a5469000 	/System/Library/PrivateFrameworks/IOAccelerator.framework/Versions/A/IOAccelerator
0x00000001df7d3000 	/System/Library/Frameworks/OpenGL.framework/Versions/A/Libraries/libCoreFSCache.dylib
0x000000019e9ba000 	/System/Library/PrivateFrameworks/LanguageModeling.framework/Versions/A/LanguageModeling
0x00000001a66d8000 	/System/Library/PrivateFrameworks/CoreEmoji.framework/Versions/A/CoreEmoji
0x00000001a6162000 	/System/Library/PrivateFrameworks/LinguisticData.framework/Versions/A/LinguisticData
0x000000019e293000 	/System/Library/PrivateFrameworks/Lexicon.framework/Versions/A/Lexicon
0x00000001a73b4000 	/usr/lib/libcmph.dylib
0x00000001a408d000 	/System/Library/Frameworks/OpenDirectory.framework/Versions/A/Frameworks/CFOpenDirectory.framework/Versions/A/CFOpenDirectory
0x00000001a407f000 	/System/Library/Frameworks/OpenDirectory.framework/Versions/A/OpenDirectory
0x00000001a7a50000 	/System/Library/PrivateFrameworks/APFS.framework/Versions/A/APFS
0x00000001a69f4000 	/System/Library/Frameworks/SecurityFoundation.framework/Versions/A/SecurityFoundation
0x00000001a7b43000 	/usr/lib/libutil.dylib
0x000000019ff34000 	/System/Library/PrivateFrameworks/CoreServicesStore.framework/Versions/A/CoreServicesStore
0x00000001a6a82000 	/System/Library/Frameworks/ServiceManagement.framework/Versions/A/ServiceManagement
0x00000001a7b47000 	/usr/lib/libxslt.1.dylib
0x00000001a6a78000 	/System/Library/PrivateFrameworks/BackgroundTaskManagement.framework/Versions/A/BackgroundTaskManagement
0x00000001a8a2d000 	/System/Library/Frameworks/ImageIO.framework/Versions/A/Resources/libRadiance.dylib
0x00000001a8a36000 	/System/Library/Frameworks/ImageIO.framework/Versions/A/Resources/libJPEG.dylib
0x00000001a8985000 	/System/Library/Frameworks/ImageIO.framework/Versions/A/Resources/libPng.dylib
0x00000001a89ac000 	/System/Library/Frameworks/ImageIO.framework/Versions/A/Resources/libTIFF.dylib
0x00000001a8a87000 	/System/Library/Frameworks/ImageIO.framework/Versions/A/Resources/libGIF.dylib
0x00000001a8702000 	/System/Library/Frameworks/ImageIO.framework/Versions/A/Resources/libJP2.dylib
0x00000001a7e59000 	/usr/lib/libexpat.1.dylib
0x00000001a86be000 	/System/Library/PrivateFrameworks/AppleJPEG.framework/Versions/A/AppleJPEG
0x00000001a567a000 	/System/Library/PrivateFrameworks/FontServices.framework/libFontParser.dylib
0x00000001a3521000 	/System/Library/PrivateFrameworks/RunningBoardServices.framework/Versions/A/RunningBoardServices
0x00000001b1c0e000 	/System/Library/PrivateFrameworks/IOSurfaceAccelerator.framework/Versions/A/IOSurfaceAccelerator
0x00000001a87e4000 	/System/Library/PrivateFrameworks/WatchdogClient.framework/Versions/A/WatchdogClient
0x000000019eaaa000 	/System/Library/Frameworks/CoreDisplay.framework/Versions/A/CoreDisplay
0x00000001a5582000 	/System/Library/Frameworks/CoreMedia.framework/Versions/A/CoreMedia
0x00000001a4211000 	/System/Library/Frameworks/CoreVideo.framework/Versions/A/CoreVideo
0x00000001a8821000 	/System/Library/Frameworks/VideoToolbox.framework/Versions/A/VideoToolbox
0x00000001a349e000 	/System/Library/PrivateFrameworks/BaseBoard.framework/Versions/A/BaseBoard
0x00000001a7f96000 	/System/Library/PrivateFrameworks/PersistentConnection.framework/Versions/A/PersistentConnection
0x00000001a325d000 	/System/Library/PrivateFrameworks/ProtocolBuffer.framework/Versions/A/ProtocolBuffer
0x00000001a3487000 	/System/Library/PrivateFrameworks/CommonUtilities.framework/Versions/A/CommonUtilities
0x00000001a8683000 	/System/Library/PrivateFrameworks/Bom.framework/Versions/A/Bom
0x00000001a8a28000 	/System/Library/PrivateFrameworks/GPUWrangler.framework/Versions/A/GPUWrangler
0x00000001a8a09000 	/System/Library/PrivateFrameworks/IOPresentment.framework/Versions/A/IOPresentment
0x00000001a8a30000 	/System/Library/PrivateFrameworks/DSExternalDisplay.framework/Versions/A/DSExternalDisplay
0x00000001a8a8c000 	/System/Library/PrivateFrameworks/CMCaptureCore.framework/Versions/A/CMCaptureCore
0x00000001a841e000 	/System/Library/PrivateFrameworks/AppServerSupport.framework/Versions/A/AppServerSupport
0x00000001aa456000 	/System/Library/PrivateFrameworks/perfdata.framework/Versions/A/perfdata
0x00000001a69e4000 	/System/Library/PrivateFrameworks/AssertionServices.framework/Versions/A/AssertionServices
0x000000019ebcd000 	/System/Library/PrivateFrameworks/AudioToolboxCore.framework/Versions/A/AudioToolboxCore
0x00000001a5562000 	/System/Library/PrivateFrameworks/caulk.framework/Versions/A/caulk
0x00000001b9224000 	/System/Library/PrivateFrameworks/SystemPolicy.framework/Versions/A/SystemPolicy
0x00000001a7c7e000 	/usr/lib/libIOReport.dylib
0x00000001a9cf2000 	/usr/lib/libSMC.dylib
0x00000001a8952000 	/usr/lib/libAudioToolboxUtility.dylib
0x00000001b9ba9000 	/usr/lib/libmis.dylib
0x00000001df835000 	/System/Library/Frameworks/OpenGL.framework/Versions/A/Libraries/libGLU.dylib
0x00000001df7f3000 	/System/Library/Frameworks/OpenGL.framework/Versions/A/Libraries/libGFXShared.dylib
0x00000001df9db000 	/System/Library/Frameworks/OpenGL.framework/Versions/A/Libraries/libGL.dylib
0x00000001df7fc000 	/System/Library/Frameworks/OpenGL.framework/Versions/A/Libraries/libGLImage.dylib
0x00000001df7f0000 	/System/Library/Frameworks/OpenGL.framework/Versions/A/Libraries/libCVMSPluginSupport.dylib
0x00000001df7da000 	/System/Library/Frameworks/OpenGL.framework/Versions/A/Libraries/libCoreVMClient.dylib
0x00000001b0752000 	/System/Library/PrivateFrameworks/ASEProcessing.framework/Versions/A/ASEProcessing
0x00000001a7fbd000 	/System/Library/PrivateFrameworks/GraphVisualizer.framework/Versions/A/GraphVisualizer
0x00000001a7fcb000 	/System/Library/PrivateFrameworks/FaceCore.framework/Versions/A/FaceCore
0x00000001a83de000 	/System/Library/PrivateFrameworks/OTSVG.framework/Versions/A/OTSVG
0x00000001a3e3a000 	/System/Library/Frameworks/ApplicationServices.framework/Versions/A/Frameworks/ATS.framework/Versions/A/Resources/libFontRegistry.dylib
0x00000001a8426000 	/System/Library/PrivateFrameworks/FontServices.framework/libhvf.dylib
0x00000001dfb76000 	/System/Library/Frameworks/OpenCL.framework/Versions/A/OpenCL
0x00000001a7e0d000 	/System/Library/PrivateFrameworks/AppleVA.framework/Versions/A/AppleVA
0x00000001a9b3e000 	/System/Library/Frameworks/ApplicationServices.framework/Versions/A/Frameworks/ATS.framework/Versions/A/ATS
0x00000001a9e51000 	/System/Library/Frameworks/ApplicationServices.framework/Versions/A/Frameworks/ColorSyncLegacy.framework/Versions/A/ColorSyncLegacy
0x00000001a2aff000 	/System/Library/Frameworks/ApplicationServices.framework/Versions/A/Frameworks/HIServices.framework/Versions/A/HIServices
0x00000001a9e30000 	/System/Library/Frameworks/ApplicationServices.framework/Versions/A/Frameworks/LangAnalysis.framework/Versions/A/LangAnalysis
0x00000001a8a96000 	/System/Library/Frameworks/ApplicationServices.framework/Versions/A/Frameworks/PrintCore.framework/Versions/A/PrintCore
0x00000001a9e59000 	/System/Library/Frameworks/ApplicationServices.framework/Versions/A/Frameworks/QD.framework/Versions/A/QD
0x00000001a9b2a000 	/System/Library/Frameworks/ApplicationServices.framework/Versions/A/Frameworks/SpeechSynthesis.framework/Versions/A/SpeechSynthesis
0x00000001a8a57000 	/System/Library/Frameworks/ApplicationServices.framework/Versions/A/Frameworks/ATSUI.framework/Versions/A/ATSUI
0x00000001a9dd2000 	/usr/lib/libcups.2.dylib
0x00000001a9e44000 	/System/Library/PrivateFrameworks/NetAuth.framework/Versions/A/NetAuth
0x00000001aa470000 	/System/Library/Frameworks/Kerberos.framework/Versions/A/Kerberos
0x00000001aa481000 	/System/Library/Frameworks/GSS.framework/Versions/A/GSS
0x00000001a9bad000 	/usr/lib/libresolv.9.dylib
0x00000001a843c000 	/System/Library/PrivateFrameworks/Heimdal.framework/Versions/A/Heimdal
0x00000001afd3d000 	/System/Library/Frameworks/Kerberos.framework/Versions/A/Libraries/libHeimdalProxy.dylib
0x00000001a35f3000 	/System/Library/Frameworks/Network.framework/Versions/A/Network
0x00000001a7e73000 	/usr/lib/libheimdal-asn1.dylib
0x00000001aa4c9000 	/System/Library/PrivateFrameworks/CommonAuth.framework/Versions/A/CommonAuth
0x00000001a4265000 	/System/Library/PrivateFrameworks/login.framework/Versions/A/Frameworks/loginsupport.framework/Versions/A/loginsupport
0x00000001a9aaf000 	/System/Library/PrivateFrameworks/AudioSession.framework/Versions/A/AudioSession
0x00000001a9b17000 	/usr/lib/libAudioStatistics.dylib
0x00000001a7ef3000 	/System/Library/PrivateFrameworks/MediaExperience.framework/Versions/A/MediaExperience
0x00000001a9950000 	/System/Library/PrivateFrameworks/AudioSession.framework/libSessionUtility.dylib
0x00000001aa462000 	/usr/lib/libperfcheck.dylib
0x00000001a9e65000 	/System/Library/PrivateFrameworks/AudioResourceArbitration.framework/Versions/A/AudioResourceArbitration
0x00000001a7e7c000 	/System/Library/PrivateFrameworks/IconFoundation.framework/Versions/A/IconFoundation
0x00000001ac904000 	/System/Library/PrivateFrameworks/SpeechRecognitionCore.framework/Versions/A/SpeechRecognitionCore
0x0000000109000000 	/opt/homebrew/Cellar/openjdk/15.0.2/libexec/openjdk.jdk/Contents/Home/lib/server/libjvm.dylib
0x0000000104864000 	/opt/homebrew/Cellar/openjdk/15.0.2/libexec/openjdk.jdk/Contents/Home/lib/libjimage.dylib
0x00000001048c8000 	/opt/homebrew/Cellar/openjdk/15.0.2/libexec/openjdk.jdk/Contents/Home/lib/libjava.dylib
0x0000000104988000 	/opt/homebrew/Cellar/openjdk/15.0.2/libexec/openjdk.jdk/Contents/Home/lib/libnio.dylib
0x00000001049a8000 	/opt/homebrew/Cellar/openjdk/15.0.2/libexec/openjdk.jdk/Contents/Home/lib/libnet.dylib
0x00000001049cc000 	/opt/homebrew/Cellar/openjdk/15.0.2/libexec/openjdk.jdk/Contents/Home/lib/libzip.dylib
0x00000001049e4000 	/opt/homebrew/Cellar/openjdk/15.0.2/libexec/openjdk.jdk/Contents/Home/lib/libverify.dylib


VM Arguments:
jvm_args: -Dspring.lsp.client-port=45558 -Dserver.port=45558 -Dsts.lsp.client=vscode -Dsts.log.file=/dev/null -XX:TieredStopAtLevel=1 -Dspring.config.location=file:/Users/mata/.vscode/extensions/pivotal.vscode-spring-boot-1.26.0/language-server/BOOT-INF/classes/application.properties 
java_command: org.springframework.ide.vscode.boot.app.BootLanguageServerBootApp
java_class_path (initial): /Users/mata/.vscode/extensions/pivotal.vscode-spring-boot-1.26.0/language-server/BOOT-INF/classes:/Users/mata/.vscode/extensions/pivotal.vscode-spring-boot-1.26.0/language-server/BOOT-INF/lib/xercesImpl-2.12.0.jar:/Users/mata/.vscode/extensions/pivotal.vscode-spring-boot-1.26.0/language-server/BOOT-INF/lib/log4j-api-2.13.3.jar:/Users/mata/.vscode/extensions/pivotal.vscode-spring-boot-1.26.0/language-server/BOOT-INF/lib/guava-19.0.jar:/Users/mata/.vscode/extensions/pivotal.vscode-spring-boot-1.26.0/language-server/BOOT-INF/lib/org.eclipse.core.contenttype-3.7.1000.jar:/Users/mata/.vscode/extensions/pivotal.vscode-spring-boot-1.26.0/language-server/BOOT-INF/lib/gson-2.8.6.jar:/Users/mata/.vscode/extensions/pivotal.vscode-spring-boot-1.26.0/language-server/BOOT-INF/lib/org.eclipse.lsp4j.jsonrpc-0.9.0.jar:/Users/mata/.vscode/extensions/pivotal.vscode-spring-boot-1.26.0/language-server/BOOT-INF/lib/antlr4-runtime-4.5.3.jar:/Users/mata/.vscode/extensions/pivotal.vscode-spring-boot-1.26.0/language-server/BOOT-INF/lib/spring-context-indexer-5.2.11.RELEASE.jar:/Users/mata/.vscode/extensions/pivotal.vscode-spring-boot-1.26.0/language-server/BOOT-INF/lib/org.eclipse.core.expressions-3.7.100.jar:/Users/mata/.vscode/extensions/pivotal.vscode-spring-boot-1.26.0/language-server/BOOT-INF/lib/commons-language-server-1.26.0-SNAPSHOT.jar:/Users/mata/.vscode/extensions/pivotal.vscode-spring-boot-1.26.0/language-server/BOOT-INF/lib/org.eclipse.lsp4j.generator-0.9.0.jar:/Users/mata/.vscode/extensions/pivotal.vscode-spring-boot-1.26.0/language-server/BOOT-INF/lib/spring-boot-autoconfigure-2.3.6.RELEASE.jar:/Users/mata/.vscode/extensions/pivotal.vscode-spring-boot-1.26.0/language-server/BOOT-INF/lib/slf4j-api-1.7.25.jar:/Users/mata/.vscode/extensions/pivotal.vscode-spring-boot-1.26.0/language-server/BOOT-INF/lib/commons-lsp-extensions-1.26.0-SNAPSHOT.jar:/Users/mata/.vscode/extensions/pivotal.vscode-spring-boot-1.26.0/language-server/BOOT-INF/lib/org.eclipse.te
Launcher Type: SUN_STANDARD

[Global flags]
     intx CICompilerCount                          = 4                                         {product} {ergonomic}
     uint ConcGCThreads                            = 2                                         {product} {ergonomic}
     uint G1ConcRefinementThreads                  = 8                                         {product} {ergonomic}
   size_t G1HeapRegionSize                         = 1048576                                   {product} {ergonomic}
    uintx GCDrainStackTargetSize                   = 64                                        {product} {ergonomic}
   size_t InitialHeapSize                          = 134217728                                 {product} {ergonomic}
   size_t MarkStackSize                            = 4194304                                   {product} {ergonomic}
   size_t MaxHeapSize                              = 2147483648                                {product} {ergonomic}
   size_t MaxNewSize                               = 1287651328                                {product} {ergonomic}
   size_t MinHeapDeltaBytes                        = 1048576                                   {product} {ergonomic}
   size_t MinHeapSize                              = 8388608                                   {product} {ergonomic}
    uintx NonNMethodCodeHeapSize                   = 7549744                                {pd product} {ergonomic}
    uintx NonProfiledCodeHeapSize                  = 244108496                              {pd product} {ergonomic}
    uintx ProfiledCodeHeapSize                     = 0                                      {pd product} {ergonomic}
    uintx ReservedCodeCacheSize                    = 251658240                              {pd product} {ergonomic}
     bool SegmentedCodeCache                       = true                                      {product} {ergonomic}
   size_t SoftMaxHeapSize                          = 2147483648                             {manageable} {ergonomic}
     intx TieredStopAtLevel                        = 1                                         {product} {command line}
     bool UseCompressedClassPointers               = true                           {product lp64_product} {ergonomic}
     bool UseCompressedOops                        = true                           {product lp64_product} {ergonomic}
     bool UseG1GC                                  = true                                      {product} {ergonomic}
     bool UseNUMA                                  = false                                     {product} {ergonomic}
     bool UseNUMAInterleaving                      = false                                     {product} {ergonomic}

Logging:
Log output configuration:
 #0: stdout all=warning uptime,level,tags
 #1: stderr all=off uptime,level,tags

Environment Variables:
PATH=/opt/homebrew/opt/openjdk/bin:/opt/homebrew/opt/icu4c/bin:/opt/homebrew/bin:/opt/homebrew/sbin:/usr/local/bin:/usr/bin:/bin:/usr/sbin:/sbin
SHELL=/bin/zsh
LC_CTYPE=UTF-8

Signal Handlers:
SIGSEGV: [libjvm.dylib+0x9b5050], sa_mask[0]=11100110000111110111111111111111, sa_flags=SA_ONSTACK|SA_RESTART|SA_SIGINFO
SIGBUS: [libjvm.dylib+0x9b5050], sa_mask[0]=11100110000111110111111111111111, sa_flags=SA_RESTART|SA_SIGINFO
SIGFPE: [libjvm.dylib+0x9b5050], sa_mask[0]=11100110000111110111111111111111, sa_flags=SA_RESTART|SA_SIGINFO
SIGPIPE: [libjvm.dylib+0x89b5ec], sa_mask[0]=11100110000111110111111111111111, sa_flags=SA_RESTART|SA_SIGINFO
SIGXFSZ: [libjvm.dylib+0x89b5ec], sa_mask[0]=11100110000111110111111111111111, sa_flags=SA_RESTART|SA_SIGINFO
SIGILL: [libjvm.dylib+0x9b5050], sa_mask[0]=11100110000111110111111111111111, sa_flags=SA_RESTART|SA_SIGINFO
SIGUSR2: [libjvm.dylib+0x89c018], sa_mask[0]=00000000000000000000000000000000, sa_flags=SA_RESTART|SA_SIGINFO
SIGHUP: [libjvm.dylib+0x89a694], sa_mask[0]=11100110000111110111111111111111, sa_flags=SA_RESTART|SA_SIGINFO
SIGINT: [libjvm.dylib+0x89a694], sa_mask[0]=11100110000111110111111111111111, sa_flags=SA_RESTART|SA_SIGINFO
SIGTERM: [libjvm.dylib+0x89a694], sa_mask[0]=11100110000111110111111111111111, sa_flags=SA_RESTART|SA_SIGINFO
SIGQUIT: [libjvm.dylib+0x89a694], sa_mask[0]=11100110000111110111111111111111, sa_flags=SA_RESTART|SA_SIGINFO


---------------  S Y S T E M  ---------------

OS:uname: Darwin 20.5.0 Darwin Kernel Version 20.5.0: Sat May  8 05:10:31 PDT 2021; root:xnu-7195.121.3~9/RELEASE_ARM64_T8101 arm64
OS uptime: 1 days 0:22 hours
rlimit (soft/hard): STACK 8176k/65520k , CORE 0k/infinity , NPROC 1333/2000 , NOFILE 10240/infinity , AS infinity/infinity , CPU infinity/infinity , DATA infinity/infinity , FSIZE infinity/infinity , MEMLOCK infinity/infinity , RSS infinity/infinity
load average: 1.67 1.67 1.67

CPU: total 8 (initial active 8) 0x61:0x0:0x1b588bb3:0, simd, crc, lse

Memory: 16k page, physical 8388608k(146624k free), swap 3145728k(1051904k free)

vm_info: OpenJDK 64-Bit Server VM (16+14) for bsd-aarch64 JRE (16+14), built on Mar  1 2021 20:26:25 by "brew" with clang Apple LLVM 12.0.0 (clang-1200.0.32.29)

END.
